[10/12/20 14:19:07,234 INFO    2252] - {"data":[{"deviceId":"666610000002","key":"Dell Server with iDRAC","problem":true,"siteId":"66661000","threshold":"1","time":"20201012221903","value":"100"}],"request":"sendEvent"}
[10/12/20 14:19:07,234 INFO    2252] - {"data":[{"deviceId":"666610001002","key":"upsStatus","problem":false,"siteId":"66661000","subKey":"returnFromLineFail","threshold":"1","time":"20201012221906","value":"102"}],"request":"sendEvent"}
[10/12/20 14:19:07,234 INFO    2252] - {"data":[{"deviceId":"666610001002","key":"upsStatus","problem":true,"siteId":"66661000","subKey":"lineFail","threshold":"1","time":"20201012221905","value":"101"}],"request":"sendEvent"}
[10/12/20 14:19:07,234 INFO    2252] - {"data":[{"deviceId":"666610001002","key":"upsStatus","problem":false,"siteId":"66661000","subKey":"returnFromLineFail","threshold":"1","time":"20201012221904","value":"102"}],"request":"sendEvent"}
[10/12/20 14:19:07,604 INFO    2252] - {"data":[{"description":"ID:0:1:8 Capacity:7,451.50 GB (8000987201536 bytes)","deviceId":"100200120002","key":"PDiskInRaid","problem":true,"siteId":"10020012","subKey":"Physical Disk 0:1:8","threshold":"0","time":"20201012221902","value":"Online"}],"request":"sendEvent"}
[10/12/20 14:19:07,604 INFO    2252] - {"data":[{"deviceId":"100200120002","key":"logicalDisk","problem":true,"siteId":"10020012","subkey":"E:\\","threshold":"0","time":"20201012221903","value":"100"}],"request":"sendEvent"}
[10/12/20 14:19:07,605 INFO    2252] - {"data":[{"description":"ID:0:1:9 Capacity:7,451.50 GB (8000987201536 bytes)","deviceId":"100200120002","key":"PDiskInRaid","problem":true,"siteId":"10020012","subKey":"Physical Disk 0:1:9","threshold":"0","time":"20201012221902","value":"Online"}],"request":"sendEvent"}
[10/12/20 14:19:07,606 INFO    2252] - {"data":[{"deviceId":"100200120002","key":"diskUsage","problem":true,"siteId":"10020012","subKey":"/hdd/0","threshold":"85","time":"20201012221903","value":"94.4146"}],"request":"sendEvent"}
[10/12/20 14:19:07,606 INFO    2252] - {"data":[{"deviceId":"100200120002","key":"cpuTemperature","problem":false,"siteId":"10020012","threshold":"70","time":"20201012221903","value":"52"}],"request":"sendEvent"}
[10/12/20 14:19:07,606 INFO    2252] - {"data":[{"deviceId":"100200120002","key":"logicalDisk","problem":true,"siteId":"10020012","subkey":"C:\\","threshold":"0","time":"20201012221902","value":"100"}],"request":"sendEvent"}
[10/12/20 14:19:07,607 INFO    2252] - {"data":[{"description":"ID:0 Size:278.88 GB (299439751168 bytes)","deviceId":"100200120002","key":"VDiskInRaid","problem":true,"siteId":"10020012","subKey":"Virtual Disk0","threshold":"0","time":"20201012221902","value":"Ready"}],"request":"sendEvent"}
[10/12/20 14:19:07,607 INFO    2252] - {"data":[{"description":"ID:1 Size:52,160.50 GB (56006910410752 bytes)","deviceId":"100200120002","key":"VDiskInRaid","problem":true,"siteId":"10020012","subKey":"Virtual Disk1","threshold":"0","time":"20201012221902","value":"Ready"}],"request":"sendEvent"}
[10/12/20 14:19:07,607 INFO    2252] - {"data":[{"deviceId":"100200120002","key":"logicalDisk","problem":true,"siteId":"10020012","subkey":"D:\\","threshold":"0","time":"20201012221902","value":"100"}],"request":"sendEvent"}
[10/12/20 14:19:07,607 INFO    2252] - {"data":[{"deviceId":"100200120002","key":"diskUsage","problem":true,"siteId":"10020012","subKey":"/hdd/1","threshold":"85","time":"20201012221903","value":"99.9873"}],"request":"sendEvent"}
[10/12/20 14:19:08,105 INFO    2252] - {"data":[{"description":"Fan Status: Ok","deviceId":"100200140002","key":"Fan","problem":true,"siteId":"10020014","subKey":"System Board Fan4              ","threshold":"0","time":"20201012221902","value":"3120"}],"request":"sendEvent"}
[10/12/20 14:19:08,183 INFO    2252] - {"data":[{"deviceId":"666610001002","key":"upsStatus","problem":true,"siteId":"66661000","subKey":"lineFail","threshold":"1","time":"20201012221907","value":"101"}],"request":"sendEvent"}
[10/12/20 14:19:08,470 INFO    2252] - {"data":[{"description":"ID:0:1:2 Capacity:5,588.50 GB (6000606183424 bytes)","deviceId":"100200140002","key":"PDiskInRaid","problem":true,"siteId":"10020014","subKey":"Physical Disk 0:1:2","threshold":"0","time":"20201012221903","value":"Online"}],"request":"sendEvent"}
[10/12/20 14:19:08,470 INFO    2252] - {"data":[{"description":"ID:0:1:4 Capacity:5,588.50 GB (6000606183424 bytes)","deviceId":"100200140002","key":"PDiskInRaid","problem":true,"siteId":"10020014","subKey":"Physical Disk 0:1:4","threshold":"0","time":"20201012221904","value":"Online"}],"request":"sendEvent"}
[10/12/20 14:19:08,470 INFO    2252] - {"data":[{"description":"ID:0:1:3 Capacity:5,588.50 GB (6000606183424 bytes)","deviceId":"100200140002","key":"PDiskInRaid","problem":true,"siteId":"10020014","subKey":"Physical Disk 0:1:3","threshold":"0","time":"20201012221903","value":"Online"}],"request":"sendEvent"}
[10/12/20 14:19:08,480 INFO    2252] - {"data":[{"description":"Fan Status: Ok","deviceId":"100200140002","key":"Fan","problem":true,"siteId":"10020014","subKey":"System Board Fan6              ","threshold":"0","time":"20201012221903","value":"3000"}],"request":"sendEvent"}
[10/12/20 14:19:08,480 INFO    2252] - {"data":[{"description":"ID:0:1:0 Capacity:278.88 GB (299439751168 bytes)","deviceId":"100200140002","key":"PDiskInRaid","problem":true,"siteId":"10020014","subKey":"Physical Disk 0:1:0","threshold":"0","time":"20201012221903","value":"Online"}],"request":"sendEvent"}
[10/12/20 14:19:08,480 INFO    2252] - {"data":[{"description":"ID:0:1:1 Capacity:278.88 GB (299439751168 bytes)","deviceId":"100200140002","key":"PDiskInRaid","problem":true,"siteId":"10020014","subKey":"Physical Disk 0:1:1","threshold":"0","time":"20201012221903","value":"Online"}],"request":"sendEvent"}
[10/12/20 14:19:08,480 INFO    2252] - {"data":[{"description":"Fan Status: Ok","deviceId":"100200140002","key":"Fan","problem":true,"siteId":"10020014","subKey":"System Board Fan5              ","threshold":"0","time":"20201012221902","value":"3360"}],"request":"sendEvent"}
[10/12/20 14:19:09,181 INFO    2252] - {"data":[{"deviceId":"666610001002","key":"upsStatus","problem":false,"siteId":"66661000","subKey":"returnFromLineFail","threshold":"1","time":"20201012221908","value":"102"}],"request":"sendEvent"}
[10/12/20 14:19:09,216 INFO    2252] - {"data":[{"description":"ID:0:1:1 Capacity:278.88 GB (299439751168 bytes)","deviceId":"100200200002","key":"PDiskInRaid","problem":true,"siteId":"10020020","subKey":"Physical Disk 0:1:1","threshold":"0","time":"20201012221504","value":"Online"}],"request":"sendEvent"}
[10/12/20 14:19:09,216 INFO    2252] - {"data":[{"description":"ID:0:1:6 Capacity:5,588.50 GB (6000606183424 bytes)","deviceId":"100200200002","key":"PDiskInRaid","problem":true,"siteId":"10020020","subKey":"Physical Disk 0:1:6","threshold":"0","time":"20201012221505","value":"Online"}],"request":"sendEvent"}
[10/12/20 14:19:09,217 INFO    2252] - {"data":[{"deviceId":"100200200002","key":"logicalDisk","problem":true,"siteId":"10020020","subkey":"F:\\","threshold":"0","time":"20201012221506","value":"100"}],"request":"sendEvent"}
[10/12/20 14:19:09,217 INFO    2252] - {"data":[{"description":"ID:0:1:7 Capacity:5,588.50 GB (6000606183424 bytes)","deviceId":"100200200002","key":"PDiskInRaid","problem":true,"siteId":"10020020","subKey":"Physical Disk 0:1:7","threshold":"0","time":"20201012221505","value":"Online"}],"request":"sendEvent"}
[10/12/20 14:19:09,218 INFO    2252] - {"data":[{"description":"ID:0:1:4 Capacity:5,588.50 GB (6000606183424 bytes)","deviceId":"100200200002","key":"PDiskInRaid","problem":true,"siteId":"10020020","subKey":"Physical Disk 0:1:4","threshold":"0","time":"20201012221505","value":"Online"}],"request":"sendEvent"}
[10/12/20 14:19:09,218 INFO    2252] - {"data":[{"deviceId":"100200200002","key":"logicalDisk","problem":true,"siteId":"10020020","subkey":"C:\\","threshold":"0","time":"20201012221506","value":"100"}],"request":"sendEvent"}
[10/12/20 14:19:09,218 INFO    2252] - {"data":[{"description":"ID:0:1:0 Capacity:278.88 GB (299439751168 bytes)","deviceId":"100200200002","key":"PDiskInRaid","problem":true,"siteId":"10020020","subKey":"Physical Disk 0:1:0","threshold":"0","time":"20201012221504","value":"Online"}],"request":"sendEvent"}
[10/12/20 14:19:09,218 INFO    2252] - {"data":[{"deviceId":"100200200002","key":"logicalDisk","problem":true,"siteId":"10020020","subkey":"D:\\","threshold":"0","time":"20201012221506","value":"100"}],"request":"sendEvent"}
[10/12/20 14:19:09,218 INFO    2252] - {"data":[{"description":"ID:0:1:5 Capacity:5,588.50 GB (6000606183424 bytes)","deviceId":"100200200002","key":"PDiskInRaid","problem":true,"siteId":"10020020","subKey":"Physical Disk 0:1:5","threshold":"0","time":"20201012221505","value":"Online"}],"request":"sendEvent"}
[10/12/20 14:19:09,219 INFO    2252] - {"data":[{"description":"ID:0 Size:278.88 GB (299439751168 bytes)","deviceId":"100200200002","key":"VDiskInRaid","problem":true,"siteId":"10020020","subKey":"Virtual Disk0","threshold":"0","time":"20201012221505","value":"Ready"}],"request":"sendEvent"}
[10/12/20 14:19:09,219 INFO    2252] - {"data":[{"description":"ID:1 Size:27,942.50 GB (30003030917120 bytes)","deviceId":"100200200002","key":"VDiskInRaid","problem":true,"siteId":"10020020","subKey":"Virtual Disk1","threshold":"0","time":"20201012221506","value":"Ready"}],"request":"sendEvent"}
[10/12/20 14:19:09,219 INFO    2252] - {"data":[{"description":"ID:0:1:3 Capacity:5,588.50 GB (6000606183424 bytes)","deviceId":"100200200002","key":"PDiskInRaid","problem":true,"siteId":"10020020","subKey":"Physical Disk 0:1:3","threshold":"0","time":"20201012221504","value":"Online"}],"request":"sendEvent"}
[10/12/20 14:19:09,219 INFO    2252] - {"data":[{"description":"ID:0:1:2 Capacity:5,588.50 GB (6000606183424 bytes)","deviceId":"100200200002","key":"PDiskInRaid","problem":true,"siteId":"10020020","subKey":"Physical Disk 0:1:2","threshold":"0","time":"20201012221504","value":"Online"}],"request":"sendEvent"}
[10/12/20 14:19:09,219 INFO    2252] - {"data":[{"deviceId":"100200200002","key":"logicalDisk","problem":true,"siteId":"10020020","subkey":"E:\\","threshold":"0","time":"20201012221506","value":"100"}],"request":"sendEvent"}
[10/12/20 14:19:09,430 INFO    2252] - {"data":[{"description":"Power Type: AC ","deviceId":"100200030002","key":"Power","problem":true,"siteId":"10020003","subKey":"PS1","threshold":"0","time":"20201012222001","value":"AC-Lost"}],"request":"sendEvent"}
[10/12/20 14:19:09,430 INFO    2252] - {"data":[{"description":"Power Type: AC ","deviceId":"100200030002","key":"Power","problem":true,"siteId":"10020003","subKey":"PS2","threshold":"0","time":"20201012222001","value":"Present"}],"request":"sendEvent"}
[10/12/20 14:19:09,430 INFO    2252] - {"data":[{"description":"Fan Status: Ok","deviceId":"100200030002","key":"Fan","problem":true,"siteId":"10020003","subKey":"System Board Fan1              ","threshold":"0","time":"20201012222001","value":"5520"}],"request":"sendEvent"}
[10/12/20 14:19:09,430 INFO    2252] - {"data":[{"description":"Fan Status: Ok","deviceId":"100200030002","key":"Fan","problem":true,"siteId":"10020003","subKey":"System Board Fan2              ","threshold":"0","time":"20201012222001","value":"5640"}],"request":"sendEvent"}
[10/12/20 14:19:09,509 INFO    2252] - {"data":[{"deviceId":"100200190002","key":"Dell Server with iDRAC","problem":true,"siteId":"10020019","threshold":"1","time":"20201012221908","value":"100"}],"request":"sendEvent"}
[10/12/20 14:19:09,509 INFO    2252] - {"data":[{"deviceId":"100200190003","key":"Milestone","problem":true,"siteId":"10020019","threshold":"1","time":"20201012221908","value":"100"}],"request":"sendEvent"}
[10/12/20 14:19:09,615 INFO    2252] - {"data":[{"description":"ID:0:1:5 Capacity:5,588.50 GB (6000606183424 bytes)","deviceId":"100200140002","key":"PDiskInRaid","problem":true,"siteId":"10020014","subKey":"Physical Disk 0:1:5","threshold":"0","time":"20201012221904","value":"Online"}],"request":"sendEvent"}
[10/12/20 14:19:09,646 INFO    2252] - {"data":[{"deviceId":"100200200002","key":"cpuTemperature","problem":false,"siteId":"10020020","threshold":"70","time":"20201012221507","value":"46"}],"request":"sendEvent"}
[10/12/20 14:19:09,647 INFO    2252] - {"data":[{"deviceId":"100200200002","key":"cpuTemperature","problem":false,"siteId":"10020020","threshold":"70","time":"20201012221507","value":"45"}],"request":"sendEvent"}
[10/12/20 14:19:09,647 INFO    2252] - {"data":[{"deviceId":"100200200002","key":"diskUsage","problem":false,"siteId":"10020020","subKey":"/hdd/0","threshold":"85","time":"20201012221507","value":"14.9828"}],"request":"sendEvent"}
[10/12/20 14:19:09,648 INFO    2252] - {"data":[{"deviceId":"100200200002","key":"diskUsage","problem":true,"siteId":"10020020","subKey":"/hdd/1","threshold":"85","time":"20201012221507","value":"94.8953"}],"request":"sendEvent"}
[10/12/20 14:19:09,837 INFO    2252] - {"data":[{"description":"ID:0:1:12 Capacity:223.00 GB (239444426752 bytes)","deviceId":"100200020002","key":"PDiskInRaid","problem":true,"siteId":"10020002","subKey":"Physical Disk 0:1:12","threshold":"0","time":"20201012221903","value":"Online"}],"request":"sendEvent"}
[10/12/20 14:19:09,837 INFO    2252] - {"data":[{"description":"ID:0:1:13 Capacity:223.00 GB (239444426752 bytes)","deviceId":"100200020005","key":"PDiskInRaid","problem":true,"siteId":"10020002","subKey":"Physical Disk 0:1:13","threshold":"0","time":"20201012221902","value":"Online"}],"request":"sendEvent"}
[10/12/20 14:19:09,838 INFO    2252] - {"data":[{"description":"ID:0:1:12 Capacity:223.00 GB (239444426752 bytes)","deviceId":"100200020005","key":"PDiskInRaid","problem":true,"siteId":"10020002","subKey":"Physical Disk 0:1:12","threshold":"0","time":"20201012221901","value":"Online"}],"request":"sendEvent"}
[10/12/20 14:19:09,839 INFO    2252] - {"data":[{"deviceId":"100200020005","key":"logicalDisk","problem":true,"siteId":"10020002","subkey":"C:\\","threshold":"0","time":"20201012221902","value":"100"}],"request":"sendEvent"}
[10/12/20 14:19:09,840 INFO    2252] - {"data":[{"description":"ID:1 Size:67,053.00 GB (71997610524672 bytes)","deviceId":"100200020005","key":"VDiskInRaid","problem":true,"siteId":"10020002","subKey":"VD-02","threshold":"0","time":"20201012221902","value":"Ready"}],"request":"sendEvent"}
[10/12/20 14:19:09,840 INFO    2252] - {"data":[{"description":"ID:0 Size:223.00 GB (239444426752 bytes)","deviceId":"100200020005","key":"VDiskInRaid","problem":true,"siteId":"10020002","subKey":"VD-01","threshold":"0","time":"20201012221902","value":"Ready"}],"request":"sendEvent"}
[10/12/20 14:19:09,840 INFO    2252] - {"data":[{"deviceId":"100200020005","key":"diskUsage","problem":false,"siteId":"10020002","subKey":"/hdd/1","threshold":"85","time":"20201012221903","value":"44.9635"}],"request":"sendEvent"}
[10/12/20 14:19:09,840 INFO    2252] - {"data":[{"deviceId":"100200020005","key":"logicalDisk","problem":true,"siteId":"10020002","subkey":"G:\\","threshold":"0","time":"20201012221902","value":"100"}],"request":"sendEvent"}
[10/12/20 14:19:09,841 INFO    2252] - {"data":[{"deviceId":"100200020005","key":"logicalDisk","problem":true,"siteId":"10020002","subkey":"E:\\","threshold":"0","time":"20201012221902","value":"100"}],"request":"sendEvent"}
[10/12/20 14:19:09,841 INFO    2252] - {"data":[{"description":"ID:1 Size:67,053.00 GB (71997610524672 bytes)","deviceId":"100200020002","key":"VDiskInRaid","problem":true,"siteId":"10020002","subKey":"VD-02","threshold":"0","time":"20201012221904","value":"Ready"}],"request":"sendEvent"}
[10/12/20 14:19:09,841 INFO    2252] - {"data":[{"description":"ID:0 Size:223.00 GB (239444426752 bytes)","deviceId":"100200020002","key":"VDiskInRaid","problem":true,"siteId":"10020002","subKey":"VD","threshold":"0","time":"20201012221904","value":"Ready"}],"request":"sendEvent"}
[10/12/20 14:19:09,842 INFO    2252] - {"data":[{"description":"ID:0:1:3 Capacity:11,175.50 GB (11999601754112 bytes)","deviceId":"100200020002","key":"PDiskInRaid","problem":true,"siteId":"10020002","subKey":"Physical Disk 0:1:3","threshold":"0","time":"20201012221903","value":"Online"}],"request":"sendEvent"}
[10/12/20 14:19:09,843 INFO    2252] - {"data":[{"description":"Fan Status: Ok","deviceId":"100200020002","key":"Fan","problem":true,"siteId":"10020002","subKey":"System Board Fan4              ","threshold":"0","time":"20201012221902","value":"8760"}],"request":"sendEvent"}
[10/12/20 14:19:09,843 INFO    2252] - {"data":[{"description":"ID:0:1:4 Capacity:11,175.50 GB (11999601754112 bytes)","deviceId":"100200020002","key":"PDiskInRaid","problem":true,"siteId":"10020002","subKey":"Physical Disk 0:1:4","threshold":"0","time":"20201012221903","value":"Online"}],"request":"sendEvent"}
[10/12/20 14:19:09,843 INFO    2252] - {"data":[{"description":"ID:0:1:13 Capacity:223.00 GB (239444426752 bytes)","deviceId":"100200020002","key":"PDiskInRaid","problem":true,"siteId":"10020002","subKey":"Physical Disk 0:1:13","threshold":"0","time":"20201012221904","value":"Online"}],"request":"sendEvent"}
[10/12/20 14:19:09,844 INFO    2252] - {"data":[{"deviceId":"100200020002","key":"cpuTemperature","problem":false,"siteId":"10020002","threshold":"70","time":"20201012221905","value":"50"}],"request":"sendEvent"}
[10/12/20 14:19:09,845 INFO    2252] - {"data":[{"deviceId":"100200020002","key":"diskUsage","problem":false,"siteId":"10020002","subKey":"/hdd/1","threshold":"85","time":"20201012221905","value":"26.2887"}],"request":"sendEvent"}
[10/12/20 14:19:09,845 INFO    2252] - {"data":[{"description":"ID:0:1:0 Capacity:11,175.50 GB (11999601754112 bytes)","deviceId":"100200020002","key":"PDiskInRaid","problem":true,"siteId":"10020002","subKey":"Physical Disk 0:1:0","threshold":"0","time":"20201012221902","value":"Online"}],"request":"sendEvent"}
[10/12/20 14:19:09,845 INFO    2252] - {"data":[{"description":"ID:0:1:2 Capacity:11,175.50 GB (11999601754112 bytes)","deviceId":"100200020002","key":"PDiskInRaid","problem":true,"siteId":"10020002","subKey":"Physical Disk 0:1:2","threshold":"0","time":"20201012221902","value":"Online"}],"request":"sendEvent"}
[10/12/20 14:19:09,846 INFO    2252] - {"data":[{"description":"Fan Status: Ok","deviceId":"100200020002","key":"Fan","problem":true,"siteId":"10020002","subKey":"System Board Fan3              ","threshold":"0","time":"20201012221901","value":"8880"}],"request":"sendEvent"}
[10/12/20 14:19:09,846 INFO    2252] - {"data":[{"description":"ID:0:1:1 Capacity:11,175.50 GB (11999601754112 bytes)","deviceId":"100200020002","key":"PDiskInRaid","problem":true,"siteId":"10020002","subKey":"Physical Disk 0:1:1","threshold":"0","time":"20201012221902","value":"Online"}],"request":"sendEvent"}
[10/12/20 14:19:09,857 INFO    2252] - {"data":[{"deviceId":"100200020002","key":"logicalDisk","problem":true,"siteId":"10020002","subkey":"F:\\","threshold":"0","time":"20201012221904","value":"100"}],"request":"sendEvent"}
[10/12/20 14:19:09,857 INFO    2252] - {"data":[{"description":"ID:0:1:5 Capacity:11,175.50 GB (11999601754112 bytes)","deviceId":"100200020002","key":"PDiskInRaid","problem":true,"siteId":"10020002","subKey":"Physical Disk 0:1:5","threshold":"0","time":"20201012221903","value":"Online"}],"request":"sendEvent"}
[10/12/20 14:19:09,859 INFO    2252] - {"data":[{"deviceId":"100200020002","key":"logicalDisk","problem":true,"siteId":"10020002","subkey":"C:\\","threshold":"0","time":"20201012221904","value":"100"}],"request":"sendEvent"}
[10/12/20 14:19:09,860 INFO    2252] - {"data":[{"description":"ID:0:1:6 Capacity:11,175.50 GB (11999601754112 bytes)","deviceId":"100200020002","key":"PDiskInRaid","problem":true,"siteId":"10020002","subKey":"Physical Disk 0:1:6","threshold":"0","time":"20201012221903","value":"Online"}],"request":"sendEvent"}
[10/12/20 14:19:09,860 INFO    2252] - {"data":[{"deviceId":"100200020005","key":"cpuTemperature","problem":false,"siteId":"10020002","threshold":"70","time":"20201012221903","value":"45"}],"request":"sendEvent"}
[10/12/20 14:19:09,860 INFO    2252] - {"data":[{"deviceId":"100200020002","key":"diskUsage","problem":false,"siteId":"10020002","subKey":"/hdd/0","threshold":"85","time":"20201012221905","value":"61.3826"}],"request":"sendEvent"}
[10/12/20 14:19:09,861 INFO    2252] - {"data":[{"description":"Fan Status: Ok","deviceId":"100200020002","key":"Fan","problem":true,"siteId":"10020002","subKey":"System Board Fan5              ","threshold":"0","time":"20201012221902","value":"9000"}],"request":"sendEvent"}
[10/12/20 14:19:09,861 INFO    2252] - {"data":[{"deviceId":"100200020002","key":"logicalDisk","problem":true,"siteId":"10020002","subkey":"E:\\","threshold":"0","time":"20201012221904","value":"100"}],"request":"sendEvent"}
[10/12/20 14:19:09,935 INFO    2252] - {"data":[{"deviceId":"100200140002","key":"logicalDisk","problem":true,"siteId":"10020014","subkey":"E:\\","threshold":"0","time":"20201012221905","value":"100"}],"request":"sendEvent"}
[10/12/20 14:19:09,935 INFO    2252] - {"data":[{"deviceId":"100200140002","key":"logicalDisk","problem":true,"siteId":"10020014","subkey":"D:\\","threshold":"0","time":"20201012221905","value":"100"}],"request":"sendEvent"}
[10/12/20 14:19:09,935 INFO    2252] - {"data":[{"deviceId":"100200140002","key":"logicalDisk","problem":true,"siteId":"10020014","subkey":"C:\\","threshold":"0","time":"20201012221905","value":"100"}],"request":"sendEvent"}
[10/12/20 14:19:09,935 INFO    2252] - {"data":[{"description":"ID:1 Size:27,942.50 GB (30003030917120 bytes)","deviceId":"100200140002","key":"VDiskInRaid","problem":true,"siteId":"10020014","subKey":"Virtual Disk1","threshold":"0","time":"20201012221905","value":"Ready"}],"request":"sendEvent"}
[10/12/20 14:19:09,935 INFO    2252] - {"data":[{"description":"ID:0:1:6 Capacity:5,588.50 GB (6000606183424 bytes)","deviceId":"100200140002","key":"PDiskInRaid","problem":true,"siteId":"10020014","subKey":"Physical Disk 0:1:6","threshold":"0","time":"20201012221904","value":"Online"}],"request":"sendEvent"}
[10/12/20 14:19:09,935 INFO    2252] - {"data":[{"deviceId":"100200140002","key":"logicalDisk","problem":true,"siteId":"10020014","subkey":"F:\\","threshold":"0","time":"20201012221905","value":"100"}],"request":"sendEvent"}
[10/12/20 14:19:09,935 INFO    2252] - {"data":[{"description":"ID:0 Size:278.88 GB (299439751168 bytes)","deviceId":"100200140002","key":"VDiskInRaid","problem":true,"siteId":"10020014","subKey":"Virtual Disk0","threshold":"0","time":"20201012221904","value":"Ready"}],"request":"sendEvent"}
[10/12/20 14:19:09,935 INFO    2252] - {"data":[{"description":"ID:0:1:7 Capacity:5,588.50 GB (6000606183424 bytes)","deviceId":"100200140002","key":"PDiskInRaid","problem":true,"siteId":"10020014","subKey":"Physical Disk 0:1:7","threshold":"0","time":"20201012221904","value":"Online"}],"request":"sendEvent"}
[10/12/20 14:19:09,971 INFO    2252] - {"data":[{"deviceId":"100200020005","key":"diskUsage","problem":false,"siteId":"10020002","subKey":"/hdd/0","threshold":"85","time":"20201012221903","value":"46.2541"}],"request":"sendEvent"}
[10/12/20 14:19:10,059 INFO    2252] - {"data":[{"deviceId":"100200190001","key":"upsTemperature","problem":true,"siteId":"10020019","subKey":"","threshold":"1","time":"20201012221908","value":"30.20"}],"request":"sendEvent"}
[10/12/20 14:19:10,142 INFO    2252] - {"data":[{"description":"Power Type: AC ","deviceId":"100200110002","key":"Power","problem":true,"siteId":"10020011","subKey":"PS1","threshold":"0","time":"20201012221907","value":"Present"}],"request":"sendEvent"}
[10/12/20 14:19:10,142 INFO    2252] - {"data":[{"description":"Fan Status: Ok","deviceId":"100200110002","key":"Fan","problem":true,"siteId":"10020011","subKey":"System Board Fan4              ","threshold":"0","time":"20201012221907","value":"7920"}],"request":"sendEvent"}
[10/12/20 14:19:10,142 INFO    2252] - {"data":[{"description":"Fan Status: Ok","deviceId":"100200110002","key":"Fan","problem":true,"siteId":"10020011","subKey":"System Board Fan2              ","threshold":"0","time":"20201012221907","value":"8040"}],"request":"sendEvent"}
[10/12/20 14:19:10,142 INFO    2252] - {"data":[{"description":"Fan Status: Ok","deviceId":"100200110002","key":"Fan","problem":true,"siteId":"10020011","subKey":"System Board Fan3              ","threshold":"0","time":"20201012221907","value":"8160"}],"request":"sendEvent"}
[10/12/20 14:19:10,142 INFO    2252] - {"data":[{"description":"Fan Status: Ok","deviceId":"100200110002","key":"Fan","problem":true,"siteId":"10020011","subKey":"System Board Fan1              ","threshold":"0","time":"20201012221907","value":"7920"}],"request":"sendEvent"}
[10/12/20 14:19:10,142 INFO    2252] - {"data":[{"description":"Power Type: AC ","deviceId":"100200110002","key":"Power","problem":true,"siteId":"10020011","subKey":"PS2","threshold":"0","time":"20201012221907","value":"Present"}],"request":"sendEvent"}
[10/12/20 14:19:10,184 INFO    2252] - {"data":[{"deviceId":"666610001002","key":"upsStatus","problem":true,"siteId":"66661000","subKey":"lineFail","threshold":"1","time":"20201012221909","value":"101"}],"request":"sendEvent"}
[10/12/20 14:19:10,445 INFO    2252] - {"data":[{"deviceId":"100200140002","key":"cpuTemperature","problem":false,"siteId":"10020014","threshold":"70","time":"20201012221906","value":"61"}],"request":"sendEvent"}
[10/12/20 14:19:10,640 INFO    2252] - {"data":[{"deviceId":"100200140002","key":"diskUsage","problem":true,"siteId":"10020014","subKey":"/hdd/1","threshold":"85","time":"20201012221906","value":"99.5687"}],"request":"sendEvent"}
[10/12/20 14:19:10,640 INFO    2252] - {"data":[{"deviceId":"100200140002","key":"cpuTemperature","problem":false,"siteId":"10020014","threshold":"70","time":"20201012221906","value":"59"}],"request":"sendEvent"}
[10/12/20 14:19:10,640 INFO    2252] - {"data":[{"deviceId":"100200140002","key":"diskUsage","problem":false,"siteId":"10020014","subKey":"/hdd/0","threshold":"85","time":"20201012221906","value":"13.9934"}],"request":"sendEvent"}
[10/12/20 14:19:11,181 INFO    2252] - {"data":[{"deviceId":"666610001002","key":"upsStatus","problem":false,"siteId":"66661000","subKey":"returnFromLineFail","threshold":"1","time":"20201012221910","value":"102"}],"request":"sendEvent"}
[10/12/20 14:19:11,468 INFO    2252] - {"data":[{"description":"Fan Status: Ok","deviceId":"100200030002","key":"Fan","problem":true,"siteId":"10020003","subKey":"System Board Fan5              ","threshold":"0","time":"20201012222002","value":"5640"}],"request":"sendEvent"}
[10/12/20 14:19:11,468 INFO    2252] - {"data":[{"description":"Fan Status: Ok","deviceId":"100200030002","key":"Fan","problem":true,"siteId":"10020003","subKey":"System Board Fan4              ","threshold":"0","time":"20201012222002","value":"5640"}],"request":"sendEvent"}
[10/12/20 14:19:11,468 INFO    2252] - {"data":[{"description":"Fan Status: Ok","deviceId":"100200030002","key":"Fan","problem":true,"siteId":"10020003","subKey":"System Board Fan3              ","threshold":"0","time":"20201012222002","value":"5760"}],"request":"sendEvent"}
[10/12/20 14:19:11,469 INFO    2252] - {"data":[{"description":"ID:0:1:1 Capacity:278.88 GB (299439751168 bytes)","deviceId":"100200030002","key":"PDiskInRaid","problem":true,"siteId":"10020003","subKey":"Physical Disk 0:1:1","threshold":"0","time":"20201012222002","value":"Online"}],"request":"sendEvent"}
[10/12/20 14:19:11,469 INFO    2252] - {"data":[{"description":"ID:0:1:2 Capacity:7,451.50 GB (8000987201536 bytes)","deviceId":"100200030002","key":"PDiskInRaid","problem":true,"siteId":"10020003","subKey":"Physical Disk 0:1:2","threshold":"0","time":"20201012222003","value":"Online"}],"request":"sendEvent"}
[10/12/20 14:19:11,469 INFO    2252] - {"data":[{"description":"ID:0:1:3 Capacity:7,451.50 GB (8000987201536 bytes)","deviceId":"100200030002","key":"PDiskInRaid","problem":true,"siteId":"10020003","subKey":"Physical Disk 0:1:3","threshold":"0","time":"20201012222003","value":"Online"}],"request":"sendEvent"}
[10/12/20 14:19:11,469 INFO    2252] - {"data":[{"description":"ID:0:1:4 Capacity:7,451.50 GB (8000987201536 bytes)","deviceId":"100200030002","key":"PDiskInRaid","problem":true,"siteId":"10020003","subKey":"Physical Disk 0:1:4","threshold":"0","time":"20201012222003","value":"Online"}],"request":"sendEvent"}
[10/12/20 14:19:11,469 INFO    2252] - {"data":[{"description":"ID:0:1:0 Capacity:278.88 GB (299439751168 bytes)","deviceId":"100200030002","key":"PDiskInRaid","problem":true,"siteId":"10020003","subKey":"Physical Disk 0:1:0","threshold":"0","time":"20201012222002","value":"Online"}],"request":"sendEvent"}
[10/12/20 14:19:12,184 INFO    2252] - {"data":[{"deviceId":"666610001002","key":"upsStatus","problem":true,"siteId":"66661000","subKey":"lineFail","threshold":"1","time":"20201012221911","value":"101"}],"request":"sendEvent"}
[10/12/20 14:19:13,185 INFO    2252] - {"data":[{"deviceId":"666610001002","key":"upsStatus","problem":false,"siteId":"66661000","subKey":"returnFromLineFail","threshold":"1","time":"20201012221912","value":"102"}],"request":"sendEvent"}
[10/12/20 14:19:13,430 INFO    2252] - {"data":[{"description":"ID:0:1:7 Capacity:7,451.50 GB (8000987201536 bytes)","deviceId":"100200030002","key":"PDiskInRaid","problem":true,"siteId":"10020003","subKey":"Physical Disk 0:1:7","threshold":"0","time":"20201012222004","value":"Online"}],"request":"sendEvent"}
[10/12/20 14:19:13,430 INFO    2252] - {"data":[{"deviceId":"100200030002","key":"logicalDisk","problem":true,"siteId":"10020003","subkey":"D:\\","threshold":"0","time":"20201012222004","value":"100"}],"request":"sendEvent"}
[10/12/20 14:19:13,430 INFO    2252] - {"data":[{"description":"ID:0 Size:278.88 GB (299439751168 bytes)","deviceId":"100200030002","key":"VDiskInRaid","problem":true,"siteId":"10020003","subKey":"Virtual Disk0","threshold":"0","time":"20201012222004","value":"Ready"}],"request":"sendEvent"}
[10/12/20 14:19:13,430 INFO    2252] - {"data":[{"deviceId":"100200030002","key":"logicalDisk","problem":true,"siteId":"10020003","subkey":"E:\\","threshold":"0","time":"20201012222004","value":"100"}],"request":"sendEvent"}
[10/12/20 14:19:13,430 INFO    2252] - {"data":[{"description":"ID:0:1:5 Capacity:7,451.50 GB (8000987201536 bytes)","deviceId":"100200030002","key":"PDiskInRaid","problem":true,"siteId":"10020003","subKey":"Physical Disk 0:1:5","threshold":"0","time":"20201012222003","value":"Online"}],"request":"sendEvent"}
[10/12/20 14:19:13,430 INFO    2252] - {"data":[{"description":"ID:0:1:6 Capacity:7,451.50 GB (8000987201536 bytes)","deviceId":"100200030002","key":"PDiskInRaid","problem":true,"siteId":"10020003","subKey":"Physical Disk 0:1:6","threshold":"0","time":"20201012222003","value":"Online"}],"request":"sendEvent"}
[10/12/20 14:19:13,430 INFO    2252] - {"data":[{"deviceId":"100200030002","key":"logicalDisk","problem":true,"siteId":"10020003","subkey":"C:\\","threshold":"0","time":"20201012222004","value":"100"}],"request":"sendEvent"}
[10/12/20 14:19:13,430 INFO    2252] - {"data":[{"description":"ID:1 Size:37,257.50 GB (40004936007680 bytes)","deviceId":"100200030002","key":"VDiskInRaid","problem":true,"siteId":"10020003","subKey":"Virtual Disk1","threshold":"0","time":"20201012222004","value":"Ready"}],"request":"sendEvent"}
[10/12/20 14:19:13,443 INFO    2252] - {"data":[{"deviceId":"100200030002","key":"diskUsage","problem":false,"siteId":"10020003","subKey":"/hdd/0","threshold":"85","time":"20201012222005","value":"13.7404"}],"request":"sendEvent"}
[10/12/20 14:19:13,443 INFO    2252] - {"data":[{"deviceId":"100200030002","key":"cpuTemperature","problem":false,"siteId":"10020003","threshold":"70","time":"20201012222004","value":"50"}],"request":"sendEvent"}
[10/12/20 14:19:13,443 INFO    2252] - {"data":[{"deviceId":"100200030002","key":"diskUsage","problem":true,"siteId":"10020003","subKey":"/hdd/1","threshold":"85","time":"20201012222005","value":"99.3747"}],"request":"sendEvent"}
[10/12/20 14:19:14,463 INFO    2252] - {"data":[{"description":"Fan Status: Ok","deviceId":"100200110002","key":"Fan","problem":true,"siteId":"10020011","subKey":"System Board Fan5              ","threshold":"0","time":"20201012221908","value":"7920"}],"request":"sendEvent"}
[10/12/20 14:19:14,463 INFO    2252] - {"data":[{"description":"ID:0:1:1 Capacity:223.00 GB (239444426752 bytes)","deviceId":"100200110002","key":"PDiskInRaid","problem":true,"siteId":"10020011","subKey":"Physical Disk 0:1:1","threshold":"0","time":"20201012221908","value":"Online"}],"request":"sendEvent"}
[10/12/20 14:19:14,463 INFO    2252] - {"data":[{"description":"ID:0:1:7 Capacity:11,175.50 GB (11999601754112 bytes)","deviceId":"100200110002","key":"PDiskInRaid","problem":true,"siteId":"10020011","subKey":"Physical Disk 0:1:7","threshold":"0","time":"20201012221909","value":"Online"}],"request":"sendEvent"}
[10/12/20 14:19:14,463 INFO    2252] - {"data":[{"description":"ID:0:1:13 Capacity:223.00 GB (239444426752 bytes)","deviceId":"100200110002","key":"PDiskInRaid","problem":true,"siteId":"10020011","subKey":"Physical Disk 0:1:13","threshold":"0","time":"20201012221910","value":"Online"}],"request":"sendEvent"}
[10/12/20 14:19:14,463 INFO    2252] - {"data":[{"description":"ID:0:1:12 Capacity:223.00 GB (239444426752 bytes)","deviceId":"100200110002","key":"PDiskInRaid","problem":true,"siteId":"10020011","subKey":"Physical Disk 0:1:12","threshold":"0","time":"20201012221910","value":"Online"}],"request":"sendEvent"}
[10/12/20 14:19:14,463 INFO    2252] - {"data":[{"description":"ID:0:1:5 Capacity:11,175.50 GB (11999601754112 bytes)","deviceId":"100200110002","key":"PDiskInRaid","problem":true,"siteId":"10020011","subKey":"Physical Disk 0:1:5","threshold":"0","time":"20201012221909","value":"Online"}],"request":"sendEvent"}
[10/12/20 14:19:14,464 INFO    2252] - {"data":[{"description":"ID:0:1:6 Capacity:11,175.50 GB (11999601754112 bytes)","deviceId":"100200110002","key":"PDiskInRaid","problem":true,"siteId":"10020011","subKey":"Physical Disk 0:1:6","threshold":"0","time":"20201012221909","value":"Online"}],"request":"sendEvent"}
[10/12/20 14:19:14,464 INFO    2252] - {"data":[{"description":"ID:0:1:4 Capacity:11,175.50 GB (11999601754112 bytes)","deviceId":"100200110002","key":"PDiskInRaid","problem":true,"siteId":"10020011","subKey":"Physical Disk 0:1:4","threshold":"0","time":"20201012221909","value":"Online"}],"request":"sendEvent"}
[10/12/20 14:19:14,464 INFO    2252] - {"data":[{"description":"ID:0:1:3 Capacity:11,175.50 GB (11999601754112 bytes)","deviceId":"100200110002","key":"PDiskInRaid","problem":true,"siteId":"10020011","subKey":"Physical Disk 0:1:3","threshold":"0","time":"20201012221908","value":"Online"}],"request":"sendEvent"}
[10/12/20 14:19:14,474 INFO    2252] - {"data":[{"description":"ID:0:1:0 Capacity:223.00 GB (239444426752 bytes)","deviceId":"100200110002","key":"PDiskInRaid","problem":true,"siteId":"10020011","subKey":"Physical Disk 0:1:0","threshold":"0","time":"20201012221908","value":"Online"}],"request":"sendEvent"}
[10/12/20 14:19:14,475 INFO    2252] - {"data":[{"description":"ID:0:1:2 Capacity:11,175.50 GB (11999601754112 bytes)","deviceId":"100200110002","key":"PDiskInRaid","problem":true,"siteId":"10020011","subKey":"Physical Disk 0:1:2","threshold":"0","time":"20201012221908","value":"Online"}],"request":"sendEvent"}
[10/12/20 14:19:14,475 INFO    2252] - {"data":[{"description":"ID:0:1:8 Capacity:11,175.50 GB (11999601754112 bytes)","deviceId":"100200110002","key":"PDiskInRaid","problem":true,"siteId":"10020011","subKey":"Physical Disk 0:1:8","threshold":"0","time":"20201012221909","value":"Online"}],"request":"sendEvent"}
[10/12/20 14:19:14,742 INFO    2252] - {"data":[{"deviceId":"666610000002","key":"Dell Server with iDRAC","problem":true,"siteId":"66661000","threshold":"1","time":"20201012221913","value":"100"}],"request":"sendEvent"}
[xxx] - END
[xxx] - END
[XXX] - END
[XXX] - END
